<?xml version="1.0" encoding="UTF-8"?>
<testng-results skipped="0" failed="0" total="4" passed="4">
  <reporter-output>
  </reporter-output>
  <suite name="Suite" duration-ms="36470" started-at="2019-01-01T09:24:54Z" finished-at="2019-01-01T09:25:30Z">
    <groups>
    </groups>
    <test name="Test1" duration-ms="36330" started-at="2019-01-01T09:24:54Z" finished-at="2019-01-01T09:25:30Z">
      <class name="tests.NewTest">
        <test-method status="PASS" signature="beforeClass()[pri:0, instance:tests.NewTest@59a6e353]" name="beforeClass" is-config="true" duration-ms="12340" started-at="2019-01-01T14:54:54Z" finished-at="2019-01-01T14:55:06Z">
          <reporter-output>
          </reporter-output>
        </test-method> <!-- beforeClass -->
        <test-method status="PASS" signature="openMyBlog()[pri:0, instance:tests.NewTest@59a6e353]" name="openMyBlog" duration-ms="20077" started-at="2019-01-01T14:55:06Z" finished-at="2019-01-01T14:55:26Z">
          <reporter-output>
          </reporter-output>
        </test-method> <!-- openMyBlog -->
        <test-method status="PASS" signature="afterClass()[pri:0, instance:tests.NewTest@59a6e353]" name="afterClass" is-config="true" duration-ms="3897" started-at="2019-01-01T14:55:26Z" finished-at="2019-01-01T14:55:30Z">
          <reporter-output>
          </reporter-output>
        </test-method> <!-- afterClass -->
      </class> <!-- tests.NewTest -->
      <class name="tests.Test2">
        <test-method status="PASS" signature="dispMsg()[pri:0, instance:tests.Test2@3b6eb2ec]" name="dispMsg" duration-ms="1" started-at="2019-01-01T14:55:30Z" finished-at="2019-01-01T14:55:30Z">
          <reporter-output>
          </reporter-output>
        </test-method> <!-- dispMsg -->
      </class> <!-- tests.Test2 -->
      <class name="tests.Test3">
        <test-method status="PASS" signature="dispMsg()[pri:0, instance:tests.Test3@17c68925]" name="dispMsg" duration-ms="1" started-at="2019-01-01T14:55:30Z" finished-at="2019-01-01T14:55:30Z">
          <reporter-output>
          </reporter-output>
        </test-method> <!-- dispMsg -->
      </class> <!-- tests.Test3 -->
    </test> <!-- Test1 -->
    <test name="Test2" duration-ms="1" started-at="2019-01-01T09:25:30Z" finished-at="2019-01-01T09:25:30Z">
      <class name="tests2.Test4">
        <test-method status="PASS" signature="dispMsg()[pri:0, instance:tests2.Test4@380fb434]" name="dispMsg" duration-ms="0" started-at="2019-01-01T14:55:30Z" finished-at="2019-01-01T14:55:30Z">
          <reporter-output>
          </reporter-output>
        </test-method> <!-- dispMsg -->
      </class> <!-- tests2.Test4 -->
    </test> <!-- Test2 -->
  </suite> <!-- Suite -->
</testng-results>
