<?xml version="1.0" encoding="UTF-8"?>
<testsuite xmlns:xsi="http://www.w3.org/2001/XMLSchema-instance" xsi:noNamespaceSchemaLocation="https://maven.apache.org/surefire/maven-surefire-plugin/xsd/surefire-test-report.xsd" name="TestSuite" time="37.904" tests="4" errors="0" skipped="0" failures="0">
  <properties>
[...]
</properties>
  <testcase name="openMyBlog" classname="tests.NewTest" time="20.078"/>
  <testcase name="dispMsg" classname="tests.Test2" time="0.002"/>
  <testcase name="dispMsg" classname="tests.Test3" time="0.001"/>
  <testcase name="dispMsg" classname="tests2.Test4" time="0"/>
</testsuite>